<?xml version="1.0" encoding="UTF-8"?>
<!-- Generated by org.testng.reporters.JUnitReportReporter -->
<testsuite hostname="DESKTOP-HEJ0U33" failures="0" tests="1" name="tests.Temp" time="32.924" errors="0" timestamp="2020-06-23T16:22:12 ICT" skipped="0">
  <testcase classname="tests.Temp" name="TC" time="32.924"/>
  <system-out/>
</testsuite> <!-- tests.Temp -->
