<?xml version="1.0" encoding="UTF-8"?>
<!-- Generated by org.testng.reporters.JUnitReportReporter -->
<testsuite hostname="DESKTOP-HEJ0U33" failures="0" tests="1" name="tests.BaseClass" time="94.746" errors="0" timestamp="2020-06-24T17:53:37 ICT" skipped="0">
  <testcase classname="tests.BaseClass" name="sendEmail" time="94.746"/>
  <system-out/>
</testsuite> <!-- tests.BaseClass -->
